# JRE version: OpenJDK Runtime Environment Temurin-17.0.11+9 (17.0.11+9) (build 17.0.11+9)
# Java VM: OpenJDK 64-Bit Server VM Temurin-17.0.11+9 (17.0.11+9, mixed mode, emulated-client, tiered, compressed oops, compressed class ptrs, g1 gc, windows-amd64)
GC Precious Log:
 CPUs: 4 total, 4 available
 Memory: 3984M
 Large Page Support: Disabled
 NUMA Support: Disabled
 Compressed Oops: Enabled (32-bit)
 Heap Region Size: 1M
 Heap Min Capacity: 8M
 Heap Initial Capacity: 64M
 Heap Max Capacity: 1G
 Pre-touch: Disabled
 Parallel Workers: 4
 Concurrent Workers: 1
 Concurrent Refinement Workers: 4
 Periodic GC: Disabled
Heap:
 garbage-first heap   total 109568K, used 35548K [0x00000000c0000000, 0x0000000100000000)
  region size 1024K, 1 young (1024K), 0 survivors (0K)
 Metaspace       used 61401K, committed 61952K, reserved 1114112K
  class space    used 7679K, committed 7936K, reserved 1048576K
GC Heap History (20 events):
Event: 11038.968 GC heap before
{Heap before GC invocations=724 (full 663):
 garbage-first heap   total 109568K, used 35548K [0x00000000c0000000, 0x0000000100000000)
  region size 1024K, 1 young (1024K), 0 survivors (0K)
 Metaspace       used 61401K, committed 61952K, reserved 1114112K
  class space    used 7679K, committed 7936K, reserved 1048576K
}
Event: 11039.042 GC heap after
{Heap after GC invocations=725 (full 664):
 garbage-first heap   total 109568K, used 35548K [0x00000000c0000000, 0x0000000100000000)
  region size 1024K, 0 young (0K), 0 survivors (0K)
 Metaspace       used 61401K, committed 61952K, reserved 1114112K
  class space    used 7679K, committed 7936K, reserved 1048576K
}
Event: 11050.374 GC heap before
{Heap before GC invocations=725 (full 664):
 garbage-first heap   total 109568K, used 35548K [0x00000000c0000000, 0x0000000100000000)
  region size 1024K, 1 young (1024K), 0 survivors (0K)
 Metaspace       used 61401K, committed 61952K, reserved 1114112K
  class space    used 7679K, committed 7936K, reserved 1048576K
}
Event: 11050.815 GC heap after
{Heap after GC invocations=726 (full 665):
 garbage-first heap   total 109568K, used 35548K [0x00000000c0000000, 0x0000000100000000)
  region size 1024K, 0 young (0K), 0 survivors (0K)
 Metaspace       used 61401K, committed 61952K, reserved 1114112K
  class space    used 7679K, committed 7936K, reserved 1048576K
}
Event: 11061.035 GC heap before
{Heap before GC invocations=726 (full 665):
 garbage-first heap   total 109568K, used 35548K [0x00000000c0000000, 0x0000000100000000)
  region size 1024K, 1 young (1024K), 0 survivors (0K)
 Metaspace       used 61401K, committed 61952K, reserved 1114112K
  class space    used 7679K, committed 7936K, reserved 1048576K
}
Event: 11061.087 GC heap after
{Heap after GC invocations=727 (full 666):
 garbage-first heap   total 109568K, used 35548K [0x00000000c0000000, 0x0000000100000000)
  region size 1024K, 0 young (0K), 0 survivors (0K)
 Metaspace       used 61401K, committed 61952K, reserved 1114112K
  class space    used 7679K, committed 7936K, reserved 1048576K
}
Event: 11072.473 GC heap before
{Heap before GC invocations=727 (full 666):
 garbage-first heap   total 109568K, used 35548K [0x00000000c0000000, 0x0000000100000000)
  region size 1024K, 1 young (1024K), 0 survivors (0K)
 Metaspace       used 61401K, committed 61952K, reserved 1114112K
  class space    used 7679K, committed 7936K, reserved 1048576K
}
Event: 11072.895 GC heap after
{Heap after GC invocations=728 (full 667):
 garbage-first heap   total 109568K, used 35548K [0x00000000c0000000, 0x0000000100000000)
  region size 1024K, 0 young (0K), 0 survivors (0K)
 Metaspace       used 61401K, committed 61952K, reserved 1114112K
  class space    used 7679K, committed 7936K, reserved 1048576K
}
Event: 11083.291 GC heap before
{Heap before GC invocations=728 (full 667):
 garbage-first heap   total 109568K, used 35548K [0x00000000c0000000, 0x0000000100000000)
  region size 1024K, 1 young (1024K), 0 survivors (0K)
 Metaspace       used 61401K, committed 61952K, reserved 1114112K
  class space    used 7679K, committed 7936K, reserved 1048576K
}
Event: 11083.368 GC heap after
{Heap after GC invocations=729 (full 668):
 garbage-first heap   total 109568K, used 35548K [0x00000000c0000000, 0x0000000100000000)
  region size 1024K, 0 young (0K), 0 survivors (0K)
 Metaspace       used 61401K, committed 61952K, reserved 1114112K
  class space    used 7679K, committed 7936K, reserved 1048576K
}
Event: 11093.615 GC heap before
{Heap before GC invocations=729 (full 668):
 garbage-first heap   total 109568K, used 35548K [0x00000000c0000000, 0x0000000100000000)
  region size 1024K, 1 young (1024K), 0 survivors (0K)
 Metaspace       used 61401K, committed 61952K, reserved 1114112K
  class space    used 7679K, committed 7936K, reserved 1048576K
}
Event: 11093.681 GC heap after
{Heap after GC invocations=730 (full 669):
 garbage-first heap   total 109568K, used 35548K [0x00000000c0000000, 0x0000000100000000)
  region size 1024K, 0 young (0K), 0 survivors (0K)
 Metaspace       used 61401K, committed 61952K, reserved 1114112K
  class space    used 7679K, committed 7936K, reserved 1048576K
}
Event: 11104.371 GC heap before
{Heap before GC invocations=730 (full 669):
 garbage-first heap   total 109568K, used 35548K [0x00000000c0000000, 0x0000000100000000)
  region size 1024K, 1 young (1024K), 0 survivors (0K)
 Metaspace       used 61401K, committed 61952K, reserved 1114112K
  class space    used 7679K, committed 7936K, reserved 1048576K
}
Event: 11104.443 GC heap after
{Heap after GC invocations=731 (full 670):
 garbage-first heap   total 109568K, used 35548K [0x00000000c0000000, 0x0000000100000000)
  region size 1024K, 0 young (0K), 0 survivors (0K)
 Metaspace       used 61401K, committed 61952K, reserved 1114112K
  class space    used 7679K, committed 7936K, reserved 1048576K
}
Event: 11114.629 GC heap before
{Heap before GC invocations=731 (full 670):
 garbage-first heap   total 109568K, used 35548K [0x00000000c0000000, 0x0000000100000000)
  region size 1024K, 1 young (1024K), 0 survivors (0K)
 Metaspace       used 61401K, committed 61952K, reserved 1114112K
  class space    used 7679K, committed 7936K, reserved 1048576K
}
Event: 11114.686 GC heap after
{Heap after GC invocations=732 (full 671):
 garbage-first heap   total 109568K, used 35548K [0x00000000c0000000, 0x0000000100000000)
  region size 1024K, 0 young (0K), 0 survivors (0K)
 Metaspace       used 61401K, committed 61952K, reserved 1114112K
  class space    used 7679K, committed 7936K, reserved 1048576K
}
Event: 11124.873 GC heap before
{Heap before GC invocations=732 (full 671):
 garbage-first heap   total 109568K, used 35548K [0x00000000c0000000, 0x0000000100000000)
  region size 1024K, 1 young (1024K), 0 survivors (0K)
 Metaspace       used 61401K, committed 61952K, reserved 1114112K
  class space    used 7679K, committed 7936K, reserved 1048576K
}
Event: 11124.938 GC heap after
{Heap after GC invocations=733 (full 672):
 garbage-first heap   total 109568K, used 35548K [0x00000000c0000000, 0x0000000100000000)
  region size 1024K, 0 young (0K), 0 survivors (0K)
 Metaspace       used 61401K, committed 61952K, reserved 1114112K
  class space    used 7679K, committed 7936K, reserved 1048576K
}
Event: 11135.236 GC heap before
{Heap before GC invocations=733 (full 672):
 garbage-first heap   total 109568K, used 35548K [0x00000000c0000000, 0x0000000100000000)
  region size 1024K, 1 young (1024K), 0 survivors (0K)
 Metaspace       used 61401K, committed 61952K, reserved 1114112K
  class space    used 7679K, committed 7936K, reserved 1048576K
}
Event: 11135.301 GC heap after
{Heap after GC invocations=734 (full 673):
 garbage-first heap   total 109568K, used 35548K [0x00000000c0000000, 0x0000000100000000)
  region size 1024K, 0 young (0K), 0 survivors (0K)
 Metaspace       used 61401K, committed 61952K, reserved 1114112K
  class space    used 7679K, committed 7936K, reserved 1048576K
}

